mode: set
github.com/juliofilizzola/bank/util/random.go:11.13,13.2 1 1
github.com/juliofilizzola/bank/util/random.go:15.38,17.2 1 1
github.com/juliofilizzola/bank/util/random.go:19.33,24.25 3 1
github.com/juliofilizzola/bank/util/random.go:24.25,27.3 2 1
github.com/juliofilizzola/bank/util/random.go:29.2,29.20 1 1
github.com/juliofilizzola/bank/util/random.go:32.27,34.2 1 1
github.com/juliofilizzola/bank/util/random.go:36.26,38.2 1 1
github.com/juliofilizzola/bank/util/random.go:40.30,44.2 3 1
github.com/juliofilizzola/bank/internal/db/sqlc/account.sql.go:22.87,25.2 2 1
github.com/juliofilizzola/bank/internal/db/sqlc/account.sql.go:37.99,39.2 1 1
github.com/juliofilizzola/bank/internal/db/sqlc/account.sql.go:45.70,48.2 2 1
github.com/juliofilizzola/bank/internal/db/sqlc/account.sql.go:54.78,65.2 4 1
github.com/juliofilizzola/bank/internal/db/sqlc/account.sql.go:76.96,78.16 2 1
github.com/juliofilizzola/bank/internal/db/sqlc/account.sql.go:78.16,80.3 1 0
github.com/juliofilizzola/bank/internal/db/sqlc/account.sql.go:81.2,83.18 3 1
github.com/juliofilizzola/bank/internal/db/sqlc/account.sql.go:83.18,91.17 2 1
github.com/juliofilizzola/bank/internal/db/sqlc/account.sql.go:91.17,93.4 1 0
github.com/juliofilizzola/bank/internal/db/sqlc/account.sql.go:94.3,94.27 1 1
github.com/juliofilizzola/bank/internal/db/sqlc/account.sql.go:96.2,96.37 1 1
github.com/juliofilizzola/bank/internal/db/sqlc/account.sql.go:96.37,98.3 1 0
github.com/juliofilizzola/bank/internal/db/sqlc/account.sql.go:99.2,99.35 1 1
github.com/juliofilizzola/bank/internal/db/sqlc/account.sql.go:99.35,101.3 1 0
github.com/juliofilizzola/bank/internal/db/sqlc/account.sql.go:102.2,102.19 1 1
github.com/juliofilizzola/bank/internal/db/sqlc/account.sql.go:114.93,117.2 2 1
github.com/juliofilizzola/bank/internal/db/sqlc/account.sql.go:123.75,134.2 4 1
github.com/juliofilizzola/bank/internal/db/sqlc/db.go:19.28,21.2 1 1
github.com/juliofilizzola/bank/internal/db/sqlc/entry.sql.go:22.95,24.2 1 1
github.com/juliofilizzola/bank/internal/db/sqlc/entry.sql.go:30.74,40.2 4 1
github.com/juliofilizzola/bank/internal/db/sqlc/entry.sql.go:52.92,54.16 2 1
github.com/juliofilizzola/bank/internal/db/sqlc/entry.sql.go:54.16,56.3 1 0
github.com/juliofilizzola/bank/internal/db/sqlc/entry.sql.go:57.2,59.18 3 1
github.com/juliofilizzola/bank/internal/db/sqlc/entry.sql.go:59.18,66.17 2 1
github.com/juliofilizzola/bank/internal/db/sqlc/entry.sql.go:66.17,68.4 1 0
github.com/juliofilizzola/bank/internal/db/sqlc/entry.sql.go:69.3,69.27 1 1
github.com/juliofilizzola/bank/internal/db/sqlc/entry.sql.go:71.2,71.37 1 1
github.com/juliofilizzola/bank/internal/db/sqlc/entry.sql.go:71.37,73.3 1 0
github.com/juliofilizzola/bank/internal/db/sqlc/entry.sql.go:74.2,74.35 1 1
github.com/juliofilizzola/bank/internal/db/sqlc/entry.sql.go:74.35,76.3 1 0
github.com/juliofilizzola/bank/internal/db/sqlc/entry.sql.go:77.2,77.19 1 1
github.com/juliofilizzola/bank/internal/db/sqlc/entry.sql.go:84.78,94.2 4 1
github.com/juliofilizzola/bank/internal/db/sqlc/store.go:29.34,34.2 1 1
github.com/juliofilizzola/bank/internal/db/sqlc/store.go:36.76,39.16 2 1
github.com/juliofilizzola/bank/internal/db/sqlc/store.go:39.16,41.3 1 0
github.com/juliofilizzola/bank/internal/db/sqlc/store.go:42.2,45.16 3 1
github.com/juliofilizzola/bank/internal/db/sqlc/store.go:45.16,46.43 1 0
github.com/juliofilizzola/bank/internal/db/sqlc/store.go:46.43,48.4 1 0
github.com/juliofilizzola/bank/internal/db/sqlc/store.go:49.3,49.13 1 0
github.com/juliofilizzola/bank/internal/db/sqlc/store.go:52.2,52.20 1 1
github.com/juliofilizzola/bank/internal/db/sqlc/store.go:55.96,60.16 5 1
github.com/juliofilizzola/bank/internal/db/sqlc/store.go:60.16,62.3 1 0
github.com/juliofilizzola/bank/internal/db/sqlc/store.go:64.2,64.34 1 1
github.com/juliofilizzola/bank/internal/db/sqlc/store.go:64.34,67.3 2 0
github.com/juliofilizzola/bank/internal/db/sqlc/store.go:69.2,69.51 1 1
github.com/juliofilizzola/bank/internal/db/sqlc/store.go:69.51,78.17 3 1
github.com/juliofilizzola/bank/internal/db/sqlc/store.go:78.17,80.4 1 0
github.com/juliofilizzola/bank/internal/db/sqlc/store.go:82.3,83.17 2 1
github.com/juliofilizzola/bank/internal/db/sqlc/store.go:83.17,85.4 1 0
github.com/juliofilizzola/bank/internal/db/sqlc/store.go:87.3,92.17 4 1
github.com/juliofilizzola/bank/internal/db/sqlc/store.go:92.17,94.4 1 0
github.com/juliofilizzola/bank/internal/db/sqlc/store.go:96.3,101.17 2 1
github.com/juliofilizzola/bank/internal/db/sqlc/store.go:101.17,103.4 1 0
github.com/juliofilizzola/bank/internal/db/sqlc/store.go:105.3,107.17 2 1
github.com/juliofilizzola/bank/internal/db/sqlc/store.go:107.17,109.4 1 0
github.com/juliofilizzola/bank/internal/db/sqlc/store.go:111.3,116.17 2 1
github.com/juliofilizzola/bank/internal/db/sqlc/store.go:116.17,118.4 1 0
github.com/juliofilizzola/bank/internal/db/sqlc/store.go:120.3,122.17 2 1
github.com/juliofilizzola/bank/internal/db/sqlc/store.go:122.17,124.4 1 0
github.com/juliofilizzola/bank/internal/db/sqlc/store.go:126.3,128.17 2 1
github.com/juliofilizzola/bank/internal/db/sqlc/store.go:128.17,130.4 1 0
github.com/juliofilizzola/bank/internal/db/sqlc/store.go:132.3,134.17 2 1
github.com/juliofilizzola/bank/internal/db/sqlc/store.go:134.17,136.4 1 0
github.com/juliofilizzola/bank/internal/db/sqlc/store.go:138.3,138.13 1 1
github.com/juliofilizzola/bank/internal/db/sqlc/store.go:141.2,141.16 1 1
github.com/juliofilizzola/bank/internal/db/sqlc/store.go:141.16,143.3 1 0
github.com/juliofilizzola/bank/internal/db/sqlc/store.go:144.2,144.20 1 1
github.com/juliofilizzola/bank/internal/db/sqlc/store.go:147.78,153.16 2 1
github.com/juliofilizzola/bank/internal/db/sqlc/store.go:153.16,155.3 1 0
github.com/juliofilizzola/bank/internal/db/sqlc/store.go:156.2,156.12 1 1
github.com/juliofilizzola/bank/internal/db/sqlc/store.go:159.81,165.16 2 1
github.com/juliofilizzola/bank/internal/db/sqlc/store.go:165.16,167.3 1 0
github.com/juliofilizzola/bank/internal/db/sqlc/store.go:169.2,169.12 1 1
github.com/juliofilizzola/bank/internal/db/sqlc/transfers.sql.go:23.103,25.2 1 1
github.com/juliofilizzola/bank/internal/db/sqlc/transfers.sql.go:31.80,42.2 4 1
github.com/juliofilizzola/bank/internal/db/sqlc/transfers.sql.go:54.107,56.16 2 1
github.com/juliofilizzola/bank/internal/db/sqlc/transfers.sql.go:56.16,58.3 1 0
github.com/juliofilizzola/bank/internal/db/sqlc/transfers.sql.go:59.2,61.18 3 1
github.com/juliofilizzola/bank/internal/db/sqlc/transfers.sql.go:61.18,69.17 2 1
github.com/juliofilizzola/bank/internal/db/sqlc/transfers.sql.go:69.17,71.4 1 0
github.com/juliofilizzola/bank/internal/db/sqlc/transfers.sql.go:72.3,72.27 1 1
github.com/juliofilizzola/bank/internal/db/sqlc/transfers.sql.go:74.2,74.37 1 1
github.com/juliofilizzola/bank/internal/db/sqlc/transfers.sql.go:74.37,76.3 1 0
github.com/juliofilizzola/bank/internal/db/sqlc/transfers.sql.go:77.2,77.35 1 1
github.com/juliofilizzola/bank/internal/db/sqlc/transfers.sql.go:77.35,79.3 1 0
github.com/juliofilizzola/bank/internal/db/sqlc/transfers.sql.go:80.2,80.19 1 1
github.com/juliofilizzola/bank/internal/db/sqlc/transfers.sql.go:93.103,95.16 2 1
github.com/juliofilizzola/bank/internal/db/sqlc/transfers.sql.go:95.16,97.3 1 0
github.com/juliofilizzola/bank/internal/db/sqlc/transfers.sql.go:98.2,100.18 3 1
github.com/juliofilizzola/bank/internal/db/sqlc/transfers.sql.go:100.18,108.17 2 1
github.com/juliofilizzola/bank/internal/db/sqlc/transfers.sql.go:108.17,110.4 1 0
github.com/juliofilizzola/bank/internal/db/sqlc/transfers.sql.go:111.3,111.27 1 1
github.com/juliofilizzola/bank/internal/db/sqlc/transfers.sql.go:113.2,113.37 1 1
github.com/juliofilizzola/bank/internal/db/sqlc/transfers.sql.go:113.37,115.3 1 0
github.com/juliofilizzola/bank/internal/db/sqlc/transfers.sql.go:116.2,116.35 1 1
github.com/juliofilizzola/bank/internal/db/sqlc/transfers.sql.go:116.35,118.3 1 0
github.com/juliofilizzola/bank/internal/db/sqlc/transfers.sql.go:119.2,119.19 1 1
github.com/juliofilizzola/bank/internal/db/sqlc/transfers.sql.go:126.84,137.2 4 1
